<?xml version="1.0" encoding="utf-8"?><testsuites name="pytest tests"><testsuite name="pytest" errors="0" failures="0" skipped="0" tests="16" time="30.893" timestamp="2025-10-09T20:42:09.763750+08:00" hostname="Rickys-Air"><testcase classname="tests.e2e.test_e2e_golden_validation.TestE2EGoldenValidation" name="test_core_functionality_consistency[E2E-001-config0-tls_1_2-2.pcap]" time="0.238" /><testcase classname="tests.e2e.test_e2e_golden_validation.TestE2EGoldenValidation" name="test_core_functionality_consistency[E2E-002-config1-tls_1_2-2.pcap]" time="0.007" /><testcase classname="tests.e2e.test_e2e_golden_validation.TestE2EGoldenValidation" name="test_core_functionality_consistency[E2E-003-config2-tls_1_2-2.pcap]" time="0.745" /><testcase classname="tests.e2e.test_e2e_golden_validation.TestE2EGoldenValidation" name="test_core_functionality_consistency[E2E-004-config3-tls_1_2-2.pcap]" time="0.011" /><testcase classname="tests.e2e.test_e2e_golden_validation.TestE2EGoldenValidation" name="test_core_functionality_consistency[E2E-005-config4-tls_1_2-2.pcap]" time="0.510" /><testcase classname="tests.e2e.test_e2e_golden_validation.TestE2EGoldenValidation" name="test_core_functionality_consistency[E2E-006-config5-tls_1_2-2.pcap]" time="0.517" /><testcase classname="tests.e2e.test_e2e_golden_validation.TestE2EGoldenValidation" name="test_core_functionality_consistency[E2E-007-config6-tls_1_2-2.pcap]" time="0.520" /><testcase classname="tests.e2e.test_e2e_golden_validation.TestE2EGoldenValidation" name="test_protocol_coverage_consistency[E2E-101-TLS 1.0-tls_1_0_multi_segment_google-https.pcap]" time="2.141" /><testcase classname="tests.e2e.test_e2e_golden_validation.TestE2EGoldenValidation" name="test_protocol_coverage_consistency[E2E-102-TLS 1.2-tls_1_2-2.pcap]" time="0.531" /><testcase classname="tests.e2e.test_e2e_golden_validation.TestE2EGoldenValidation" name="test_protocol_coverage_consistency[E2E-103-TLS 1.3-tls_1_3_0-RTT-2_22_23_mix.pcap]" time="0.652" /><testcase classname="tests.e2e.test_e2e_golden_validation.TestE2EGoldenValidation" name="test_protocol_coverage_consistency[E2E-104-SSL 3.0-ssl_3.pcap]" time="0.640" /><testcase classname="tests.e2e.test_e2e_golden_validation.TestE2EGoldenValidation" name="test_protocol_coverage_consistency[E2E-105-HTTP-http-download-good.pcap]" time="9.903" /><testcase classname="tests.e2e.test_e2e_golden_validation.TestE2EGoldenValidation" name="test_protocol_coverage_consistency[E2E-106-HTTP Error-http-500error.pcap]" time="0.448" /><testcase classname="tests.e2e.test_e2e_golden_validation.TestE2EGoldenValidation" name="test_encapsulation_consistency[E2E-201-Plain IP-tls_1_2_plainip.pcap]" time="0.550" /><testcase classname="tests.e2e.test_e2e_golden_validation.TestE2EGoldenValidation" name="test_encapsulation_consistency[E2E-202-Single VLAN-tls_1_2_single_vlan.pcap]" time="8.935" /><testcase classname="tests.e2e.test_e2e_golden_validation.TestE2EGoldenValidation" name="test_encapsulation_consistency[E2E-203-Double VLAN-tls_1_2_double_vlan.pcap]" time="4.414" /></testsuite></testsuites>