<?xml version="1.0" encoding="utf-8"?><testsuites name="pytest tests"><testsuite name="pytest" errors="0" failures="0" skipped="0" tests="0" time="0.005" timestamp="2025-06-10T15:33:41.748405+08:00" hostname="Rickys-MacBook-Air.local" /></testsuites>